SERVER - Sat May 15 20:09:03 2021
 - ERROR: Failed to receive a message from the client!
SERVER - Sat May 15 20:09:03 2021
 - ERROR: Failed to send a message to client!
SERVER - Sat May 15 20:24:13 2021
 - ERROR: Failed to receive a message from the client!
SERVER - Sat May 15 20:24:13 2021
 - ERROR: Failed to send a message to client!
SERVER - Sat May 15 20:32:25 2021
 - ERROR: Failed to receive a message from the client!
SERVER - Sat May 15 20:32:25 2021
 - ERROR: Failed to send a message to client!
SERVER - Sat May 15 20:34:54 2021
 - ERROR: Failed to receive a message from the client!
SERVER - Sat May 15 20:34:54 2021
 - ERROR: Failed to send a message to client!
SERVER - Sat May 15 20:35:24 2021
 - ERROR: Failed to receive a message from the client!
SERVER - Sat May 15 20:35:24 2021
 - ERROR: Failed to send a message to client!
SERVER - Sat May 15 20:36:46 2021
 - ERROR: Failed to receive a message from the client!
SERVER - Sat May 15 20:36:46 2021
 - ERROR: Failed to send a message to client!
SERVER - Sat May 15 20:37:47 2021
 - ERROR: Failed to receive a message from the client!
SERVER - Sat May 15 20:37:47 2021
 - ERROR: Failed to send a message to client!
SERVER - Sat May 15 20:41:09 2021
 - ERROR: Failed to receive a message from the client!
SERVER - Sat May 15 20:41:09 2021
 - ERROR: Failed to send a message to client!
SERVER - Sat May 15 20:41:57 2021
 - ERROR: Failed to receive a message from the client!
SERVER - Sat May 15 20:41:57 2021
 - ERROR: Failed to send a message to client!
SERVER - Sat May 15 20:42:51 2021
 - ERROR: Failed to receive a message from the client!
SERVER - Sat May 15 20:42:51 2021
 - ERROR: Failed to send a message to client!
SERVER - Sat May 15 20:43:29 2021
 - ERROR: Failed to receive a message from the client!
SERVER - Sat May 15 20:43:29 2021
 - ERROR: Failed to send a message to client!
SERVER - Sat May 15 20:47:52 2021
 - ERROR: Failed to receive a message from the client!
SERVER - Sat May 15 20:47:52 2021
 - ERROR: Failed to send a message to client!
SERVER - Sat May 15 20:48:26 2021
 - ERROR: Failed to receive a message from the client!
SERVER - Sat May 15 20:48:26 2021
 - ERROR: Failed to send a message to client!
SERVER - Sat May 15 20:49:05 2021
 - ERROR: Failed to receive a message from the client!
SERVER - Sat May 15 20:49:05 2021
 - ERROR: Failed to send a message to client!
SERVER - Sat May 15 20:50:05 2021
 - ERROR: Failed to receive a message from the client!
SERVER - Sat May 15 20:50:05 2021
 - ERROR: Failed to send a message to client!
SERVER - Sat May 15 20:50:58 2021
 - ERROR: Failed to receive a message from the client!
SERVER - Sat May 15 20:50:58 2021
 - ERROR: Failed to send a message to client!
SERVER - Sat May 15 20:58:46 2021
 - ERROR: Failed to receive a message from the client!
SERVER - Sat May 15 20:58:46 2021
 - ERROR: Failed to send a message to client!
CLIENT - Sun May 16 21:46:29 2021
 - ERROR: Failed to connect to server!
CLIENT - Sun May 16 21:46:29 2021
 - ERROR: Failed to receive a message from the server!
CLIENT - Sun May 16 21:46:29 2021
 - ERROR: Failed to receive a message from the server!
CLIENT - Sun May 16 21:46:30 2021
 - ERROR: Failed to receive a message from the server!
CLIENT - Sun May 16 21:46:30 2021
 - ERROR: Failed to receive a message from the server!
CLIENT - Sun May 16 21:46:30 2021
 - ERROR: Failed to receive a message from the server!
CLIENT - Sun May 16 21:46:30 2021
 - ERROR: Failed to receive a message from the server!
CLIENT - Sun May 16 21:46:30 2021
 - ERROR: Failed to receive a message from the server!
CLIENT - Sun May 16 21:46:30 2021
 - ERROR: Failed to receive a message from the server!
CLIENT - Sun May 16 21:46:30 2021
 - ERROR: Failed to receive a message from the server!
CLIENT - Sun May 16 21:46:30 2021
 - ERROR: Failed to receive a message from the server!
CLIENT - Sun May 16 21:46:30 2021
 - ERROR: Failed to receive a message from the server!
CLIENT - Sun May 16 21:46:30 2021
 - ERROR: Failed to receive a message from the server!
CLIENT - Sun May 16 21:46:30 2021
 - ERROR: Failed to receive a message from the server!
CLIENT - Sun May 16 21:46:30 2021
 - ERROR: Failed to receive a message from the server!
CLIENT - Sun May 16 21:46:30 2021
 - ERROR: Failed to receive a message from the server!
CLIENT - Sun May 16 21:46:30 2021
 - ERROR: Failed to receive a message from the server!
CLIENT - Sun May 16 21:46:30 2021
 - ERROR: Failed to receive a message from the server!
CLIENT - Sun May 16 21:46:30 2021
 - ERROR: Failed to receive a message from the server!
CLIENT - Sun May 16 21:46:30 2021
 - ERROR: Failed to receive a message from the server!
CLIENT - Sun May 16 21:46:30 2021
 - ERROR: Failed to receive a message from the server!
CLIENT - Sun May 16 21:46:30 2021
 - ERROR: Failed to receive a message from the server!
CLIENT - Sun May 16 21:46:30 2021
 - ERROR: Failed to receive a message from the server!
CLIENT - Sun May 16 21:46:30 2021
 - ERROR: Failed to receive a message from the server!
CLIENT - Sun May 16 21:46:30 2021
 - ERROR: Failed to receive a message from the server!
CLIENT - Sun May 16 21:46:30 2021
 - ERROR: Failed to receive a message from the server!
CLIENT - Sun May 16 21:46:30 2021
 - ERROR: Failed to receive a message from the server!
CLIENT - Sun May 16 21:46:30 2021
 - ERROR: Failed to receive a message from the server!
CLIENT - Sun May 16 21:46:30 2021
 - ERROR: Failed to receive a message from the server!
CLIENT - Sun May 16 21:46:30 2021
 - ERROR: Failed to receive a message from the server!
CLIENT - Sun May 16 21:46:30 2021
 - ERROR: Failed to receive a message from the server!
CLIENT - Sun May 16 21:46:30 2021
 - ERROR: Failed to receive a message from the server!
CLIENT - Sun May 16 21:46:30 2021
 - ERROR: Failed to receive a message from the server!
CLIENT - Sun May 16 21:46:30 2021
 - ERROR: Failed to receive a message from the server!
CLIENT - Sun May 16 21:46:30 2021
 - ERROR: Failed to receive a message from the server!
CLIENT - Sun May 16 21:46:30 2021
 - ERROR: Failed to receive a message from the server!
CLIENT - Sun May 16 21:46:30 2021
 - ERROR: Failed to receive a message from the server!
CLIENT - Sun May 16 21:46:30 2021
 - ERROR: Failed to receive a message from the server!
CLIENT - Sun May 16 21:46:30 2021
 - ERROR: Failed to receive a message from the server!
CLIENT - Sun May 16 21:46:30 2021
 - ERROR: Failed to receive a message from the server!
CLIENT - Sun May 16 21:46:30 2021
 - ERROR: Failed to receive a message from the server!
CLIENT - Sun May 16 21:46:30 2021
 - ERROR: Failed to receive a message from the server!
CLIENT - Sun May 16 21:46:30 2021
 - ERROR: Failed to receive a message from the server!
CLIENT - Sun May 16 21:46:30 2021
 - ERROR: Failed to receive a message from the server!
CLIENT - Sun May 16 21:46:30 2021
 - ERROR: Failed to receive a message from the server!
CLIENT - Sun May 16 21:46:30 2021
 - ERROR: Failed to receive a message from the server!
CLIENT - Sun May 16 21:46:30 2021
 - ERROR: Failed to receive a message from the server!
CLIENT - Sun May 16 21:46:30 2021
 - ERROR: Failed to receive a message from the server!
CLIENT - Sun May 16 21:46:30 2021
 - ERROR: Failed to receive a message from the server!
CLIENT - Sun May 16 21:46:30 2021
 - ERROR: Failed to receive a message from the server!
CLIENT - Sun May 16 21:46:30 2021
 - ERROR: Failed to receive a message from the server!
CLIENT - Sun May 16 21:46:30 2021
 - ERROR: Failed to receive a message from the server!
CLIENT - Sun May 16 21:46:30 2021
 - ERROR: Failed to receive a message from the server!
CLIENT - Sun May 16 21:46:30 2021
 - ERROR: Failed to receive a message from the server!
CLIENT - Sun May 16 21:46:30 2021
 - ERROR: Failed to receive a message from the server!
CLIENT - Sun May 16 21:46:30 2021
 - ERROR: Failed to receive a message from the server!
CLIENT - Sun May 16 21:46:30 2021
 - ERROR: Failed to receive a message from the server!
CLIENT - Sun May 16 21:46:30 2021
 - ERROR: Failed to receive a message from the server!
CLIENT - Sun May 16 21:46:30 2021
 - ERROR: Failed to receive a message from the server!
CLIENT - Sun May 16 21:46:30 2021
 - ERROR: Failed to receive a message from the server!
CLIENT - Sun May 16 21:46:30 2021
 - ERROR: Failed to receive a message from the server!
CLIENT - Sun May 16 21:46:30 2021
 - ERROR: Failed to receive a message from the server!
CLIENT - Sun May 16 21:46:30 2021
 - ERROR: Failed to receive a message from the server!
CLIENT - Sun May 16 21:46:31 2021
 - ERROR: Failed to receive a message from the server!
CLIENT - Sun May 16 21:46:31 2021
 - ERROR: Failed to receive a message from the server!
CLIENT - Sun May 16 21:46:31 2021
 - ERROR: Failed to receive a message from the server!
CLIENT - Sun May 16 21:46:31 2021
 - ERROR: Failed to receive a message from the server!
CLIENT - Sun May 16 21:46:31 2021
 - ERROR: Failed to receive a message from the server!
CLIENT - Sun May 16 21:46:31 2021
 - ERROR: Failed to receive a message from the server!
CLIENT - Sun May 16 21:46:31 2021
 - ERROR: Failed to receive a message from the server!
CLIENT - Sun May 16 21:46:31 2021
 - ERROR: Failed to receive a message from the server!
CLIENT - Sun May 16 21:46:31 2021
 - ERROR: Failed to receive a message from the server!
CLIENT - Sun May 16 21:46:31 2021
 - ERROR: Failed to receive a message from the server!
CLIENT - Sun May 16 21:46:31 2021
 - ERROR: Failed to receive a message from the server!
CLIENT - Sun May 16 21:46:31 2021
 - ERROR: Failed to receive a message from the server!
CLIENT - Sun May 16 21:46:31 2021
 - ERROR: Failed to receive a message from the server!
CLIENT - Sun May 16 21:46:31 2021
 - ERROR: Failed to receive a message from the server!
CLIENT - Sun May 16 21:46:31 2021
 - ERROR: Failed to receive a message from the server!
CLIENT - Sun May 16 21:46:31 2021
 - ERROR: Failed to receive a message from the server!
CLIENT - Sun May 16 21:46:31 2021
 - ERROR: Failed to receive a message from the server!
CLIENT - Sun May 16 21:46:31 2021
 - ERROR: Failed to receive a message from the server!
CLIENT - Sun May 16 21:46:31 2021
 - ERROR: Failed to receive a message from the server!
CLIENT - Sun May 16 21:46:31 2021
 - ERROR: Failed to receive a message from the server!
CLIENT - Sun May 16 21:46:31 2021
 - ERROR: Failed to receive a message from the server!
CLIENT - Sun May 16 21:46:31 2021
 - ERROR: Failed to receive a message from the server!
CLIENT - Sun May 16 21:46:31 2021
 - ERROR: Failed to receive a message from the server!
CLIENT - Sun May 16 21:46:31 2021
 - ERROR: Failed to receive a message from the server!
CLIENT - Sun May 16 21:46:31 2021
 - ERROR: Failed to receive a message from the server!
CLIENT - Sun May 16 21:46:31 2021
 - ERROR: Failed to receive a message from the server!
CLIENT - Sun May 16 21:46:31 2021
 - ERROR: Failed to receive a message from the server!
CLIENT - Sun May 16 21:46:31 2021
 - ERROR: Failed to receive a message from the server!
CLIENT - Sun May 16 21:46:31 2021
 - ERROR: Failed to receive a message from the server!
CLIENT - Sun May 16 21:46:31 2021
 - ERROR: Failed to receive a message from the server!
CLIENT - Sun May 16 21:46:31 2021
 - ERROR: Failed to receive a message from the server!
CLIENT - Sun May 16 21:46:31 2021
 - ERROR: Failed to receive a message from the server!
CLIENT - Sun May 16 21:46:54 2021
 - ERROR: Failed to connect to server!
CLIENT - Sun May 16 21:46:54 2021
 - ERROR: Failed to receive a message from the server!
CLIENT - Sun May 16 21:46:54 2021
 - ERROR: Failed to receive a message from the server!
CLIENT - Sun May 16 21:46:54 2021
 - ERROR: Failed to receive a message from the server!
CLIENT - Sun May 16 21:46:54 2021
 - ERROR: Failed to receive a message from the server!
CLIENT - Sun May 16 21:46:54 2021
 - ERROR: Failed to receive a message from the server!
CLIENT - Sun May 16 21:46:54 2021
 - ERROR: Failed to receive a message from the server!
CLIENT - Sun May 16 21:46:54 2021
 - ERROR: Failed to receive a message from the server!
CLIENT - Sun May 16 21:46:54 2021
 - ERROR: Failed to receive a message from the server!
CLIENT - Sun May 16 21:46:54 2021
 - ERROR: Failed to receive a message from the server!
CLIENT - Sun May 16 21:46:54 2021
 - ERROR: Failed to receive a message from the server!
CLIENT - Sun May 16 21:46:54 2021
 - ERROR: Failed to receive a message from the server!
CLIENT - Sun May 16 21:46:54 2021
 - ERROR: Failed to receive a message from the server!
CLIENT - Sun May 16 21:46:54 2021
 - ERROR: Failed to receive a message from the server!
CLIENT - Sun May 16 21:46:54 2021
 - ERROR: Failed to receive a message from the server!
CLIENT - Sun May 16 21:46:54 2021
 - ERROR: Failed to receive a message from the server!
CLIENT - Sun May 16 21:46:54 2021
 - ERROR: Failed to receive a message from the server!
CLIENT - Sun May 16 21:46:54 2021
 - ERROR: Failed to receive a message from the server!
CLIENT - Sun May 16 21:46:54 2021
 - ERROR: Failed to receive a message from the server!
CLIENT - Sun May 16 21:46:54 2021
 - ERROR: Failed to receive a message from the server!
CLIENT - Sun May 16 21:46:54 2021
 - ERROR: Failed to receive a message from the server!
CLIENT - Sun May 16 21:46:54 2021
 - ERROR: Failed to receive a message from the server!
CLIENT - Sun May 16 21:46:54 2021
 - ERROR: Failed to receive a message from the server!
CLIENT - Sun May 16 21:46:54 2021
 - ERROR: Failed to receive a message from the server!
CLIENT - Sun May 16 21:46:54 2021
 - ERROR: Failed to receive a message from the server!
CLIENT - Sun May 16 21:46:54 2021
 - ERROR: Failed to receive a message from the server!
CLIENT - Sun May 16 21:46:54 2021
 - ERROR: Failed to receive a message from the server!
CLIENT - Sun May 16 21:46:54 2021
 - ERROR: Failed to receive a message from the server!
CLIENT - Sun May 16 21:46:54 2021
 - ERROR: Failed to receive a message from the server!
CLIENT - Sun May 16 21:46:54 2021
 - ERROR: Failed to receive a message from the server!
CLIENT - Sun May 16 21:46:54 2021
 - ERROR: Failed to receive a message from the server!
CLIENT - Sun May 16 21:46:54 2021
 - ERROR: Failed to receive a message from the server!
CLIENT - Sun May 16 21:46:54 2021
 - ERROR: Failed to receive a message from the server!
CLIENT - Sun May 16 21:46:54 2021
 - ERROR: Failed to receive a message from the server!
CLIENT - Sun May 16 21:46:54 2021
 - ERROR: Failed to receive a message from the server!
CLIENT - Sun May 16 21:46:54 2021
 - ERROR: Failed to receive a message from the server!
CLIENT - Sun May 16 21:46:54 2021
 - ERROR: Failed to receive a message from the server!
CLIENT - Sun May 16 21:46:54 2021
 - ERROR: Failed to receive a message from the server!
CLIENT - Sun May 16 21:46:54 2021
 - ERROR: Failed to receive a message from the server!
CLIENT - Sun May 16 21:46:54 2021
 - ERROR: Failed to receive a message from the server!
CLIENT - Sun May 16 21:46:54 2021
 - ERROR: Failed to receive a message from the server!
CLIENT - Sun May 16 21:46:54 2021
 - ERROR: Failed to receive a message from the server!
CLIENT - Sun May 16 21:46:54 2021
 - ERROR: Failed to receive a message from the server!
CLIENT - Sun May 16 21:46:54 2021
 - ERROR: Failed to receive a message from the server!
CLIENT - Sun May 16 21:46:54 2021
 - ERROR: Failed to receive a message from the server!
CLIENT - Sun May 16 21:46:54 2021
 - ERROR: Failed to receive a message from the server!
CLIENT - Sun May 16 21:46:54 2021
 - ERROR: Failed to receive a message from the server!
CLIENT - Sun May 16 21:46:54 2021
 - ERROR: Failed to receive a message from the server!
CLIENT - Sun May 16 21:46:54 2021
 - ERROR: Failed to receive a message from the server!
CLIENT - Sun May 16 21:46:54 2021
 - ERROR: Failed to receive a message from the server!
CLIENT - Sun May 16 21:46:54 2021
 - ERROR: Failed to receive a message from the server!
CLIENT - Sun May 16 21:46:54 2021
 - ERROR: Failed to receive a message from the server!
CLIENT - Sun May 16 21:46:54 2021
 - ERROR: Failed to receive a message from the server!
CLIENT - Sun May 16 21:46:54 2021
 - ERROR: Failed to receive a message from the server!
CLIENT - Sun May 16 21:46:54 2021
 - ERROR: Failed to receive a message from the server!
CLIENT - Sun May 16 21:46:54 2021
 - ERROR: Failed to receive a message from the server!
CLIENT - Sun May 16 21:46:55 2021
 - ERROR: Failed to receive a message from the server!
CLIENT - Sun May 16 21:46:55 2021
 - ERROR: Failed to receive a message from the server!
CLIENT - Sun May 16 21:46:55 2021
 - ERROR: Failed to receive a message from the server!
CLIENT - Sun May 16 21:46:55 2021
 - ERROR: Failed to receive a message from the server!
CLIENT - Sun May 16 21:46:55 2021
 - ERROR: Failed to receive a message from the server!
CLIENT - Sun May 16 21:46:55 2021
 - ERROR: Failed to receive a message from the server!
CLIENT - Sun May 16 21:46:55 2021
 - ERROR: Failed to receive a message from the server!
CLIENT - Sun May 16 21:46:55 2021
 - ERROR: Failed to receive a message from the server!
CLIENT - Sun May 16 21:46:55 2021
 - ERROR: Failed to receive a message from the server!
CLIENT - Sun May 16 21:46:55 2021
 - ERROR: Failed to receive a message from the server!
CLIENT - Sun May 16 21:46:55 2021
 - ERROR: Failed to receive a message from the server!
CLIENT - Sun May 16 21:46:55 2021
 - ERROR: Failed to receive a message from the server!
CLIENT - Sun May 16 21:46:55 2021
 - ERROR: Failed to receive a message from the server!
CLIENT - Sun May 16 21:46:55 2021
 - ERROR: Failed to receive a message from the server!
CLIENT - Sun May 16 21:46:55 2021
 - ERROR: Failed to receive a message from the server!
CLIENT - Sun May 16 21:46:55 2021
 - ERROR: Failed to receive a message from the server!
CLIENT - Sun May 16 21:46:55 2021
 - ERROR: Failed to receive a message from the server!
CLIENT - Sun May 16 21:46:55 2021
 - ERROR: Failed to receive a message from the server!
CLIENT - Sun May 16 21:46:55 2021
 - ERROR: Failed to receive a message from the server!
CLIENT - Sun May 16 21:46:55 2021
 - ERROR: Failed to receive a message from the server!
CLIENT - Sun May 16 21:46:55 2021
 - ERROR: Failed to receive a message from the server!
CLIENT - Sun May 16 21:46:55 2021
 - ERROR: Failed to receive a message from the server!
CLIENT - Sun May 16 21:46:55 2021
 - ERROR: Failed to receive a message from the server!
CLIENT - Sun May 16 21:46:55 2021
 - ERROR: Failed to receive a message from the server!
CLIENT - Sun May 16 21:46:55 2021
 - ERROR: Failed to receive a message from the server!
CLIENT - Sun May 16 21:46:55 2021
 - ERROR: Failed to receive a message from the server!
CLIENT - Sun May 16 21:46:55 2021
 - ERROR: Failed to receive a message from the server!
CLIENT - Sun May 16 21:46:55 2021
 - ERROR: Failed to receive a message from the server!
CLIENT - Sun May 16 21:46:55 2021
 - ERROR: Failed to receive a message from the server!
CLIENT - Sun May 16 21:46:55 2021
 - ERROR: Failed to receive a message from the server!
CLIENT - Sun May 16 21:46:55 2021
 - ERROR: Failed to receive a message from the server!
CLIENT - Sun May 16 21:46:55 2021
 - ERROR: Failed to receive a message from the server!
CLIENT - Sun May 16 21:46:55 2021
 - ERROR: Failed to receive a message from the server!
CLIENT - Sun May 16 21:46:55 2021
 - ERROR: Failed to receive a message from the server!
CLIENT - Sun May 16 21:46:55 2021
 - ERROR: Failed to receive a message from the server!
CLIENT - Sun May 16 21:46:55 2021
 - ERROR: Failed to receive a message from the server!
CLIENT - Sun May 16 21:46:55 2021
 - ERROR: Failed to receive a message from the server!
CLIENT - Sun May 16 21:46:55 2021
 - ERROR: Failed to receive a message from the server!
CLIENT - Sun May 16 21:46:55 2021
 - ERROR: Failed to receive a message from the server!
CLIENT - Sun May 16 21:46:55 2021
 - ERROR: Failed to receive a message from the server!
CLIENT - Sun May 16 21:46:55 2021
 - ERROR: Failed to receive a message from the server!
CLIENT - Sun May 16 21:46:55 2021
 - ERROR: Failed to receive a message from the server!
CLIENT - Sun May 16 21:46:55 2021
 - ERROR: Failed to receive a message from the server!
CLIENT - Sun May 16 21:46:55 2021
 - ERROR: Failed to receive a message from the server!
CLIENT - Sun May 16 21:46:55 2021
 - ERROR: Failed to receive a message from the server!
CLIENT - Sun May 16 21:46:55 2021
 - ERROR: Failed to receive a message from the server!
CLIENT - Sun May 16 21:46:55 2021
 - ERROR: Failed to receive a message from the server!
CLIENT - Sun May 16 21:46:55 2021
 - ERROR: Failed to receive a message from the server!
CLIENT - Mon May 17 18:16:37 2021
 - ERROR: Failed to connect to server!
CLIENT - Mon May 17 18:16:37 2021
 - ERROR: Failed to receive a message from the server!
CLIENT - Mon May 17 18:16:37 2021
 - ERROR: Failed to receive a message from the server!
CLIENT - Mon May 17 18:18:07 2021
 - ERROR: Failed to connect to server!
CLIENT - Mon May 17 18:18:07 2021
 - ERROR: Failed to receive a message from the server!
CLIENT - Mon May 17 18:18:07 2021
 - ERROR: Failed to receive a message from the server!
CLIENT - Mon May 17 18:18:07 2021
 - ERROR: Failed to receive a message from the server!
CLIENT - Mon May 17 18:18:07 2021
 - ERROR: Failed to receive a message from the server!
CLIENT - Mon May 17 18:18:07 2021
 - ERROR: Failed to receive a message from the server!
CLIENT - Mon May 17 18:18:07 2021
 - ERROR: Failed to receive a message from the server!
CLIENT - Mon May 17 18:18:07 2021
 - ERROR: Failed to receive a message from the server!
CLIENT - Mon May 17 18:18:07 2021
 - ERROR: Failed to receive a message from the server!
CLIENT - Mon May 17 18:18:07 2021
 - ERROR: Failed to receive a message from the server!
CLIENT - Mon May 17 18:18:07 2021
 - ERROR: Failed to receive a message from the server!
CLIENT - Mon May 17 18:18:08 2021
 - ERROR: Failed to receive a message from the server!
CLIENT - Mon May 17 18:18:08 2021
 - ERROR: Failed to receive a message from the server!
CLIENT - Mon May 17 18:18:08 2021
 - ERROR: Failed to receive a message from the server!
CLIENT - Mon May 17 18:18:08 2021
 - ERROR: Failed to receive a message from the server!
CLIENT - Mon May 17 18:18:08 2021
 - ERROR: Failed to receive a message from the server!
CLIENT - Mon May 17 18:18:08 2021
 - ERROR: Failed to receive a message from the server!
CLIENT - Mon May 17 18:18:08 2021
 - ERROR: Failed to receive a message from the server!
CLIENT - Mon May 17 18:18:08 2021
 - ERROR: Failed to receive a message from the server!
CLIENT - Mon May 17 18:18:08 2021
 - ERROR: Failed to receive a message from the server!
CLIENT - Mon May 17 18:18:08 2021
 - ERROR: Failed to receive a message from the server!
CLIENT - Mon May 17 18:18:08 2021
 - ERROR: Failed to receive a message from the server!
CLIENT - Mon May 17 18:18:08 2021
 - ERROR: Failed to receive a message from the server!
CLIENT - Mon May 17 18:18:08 2021
 - ERROR: Failed to receive a message from the server!
CLIENT - Mon May 17 18:18:08 2021
 - ERROR: Failed to receive a message from the server!
CLIENT - Mon May 17 18:18:08 2021
 - ERROR: Failed to receive a message from the server!
CLIENT - Mon May 17 18:18:08 2021
 - ERROR: Failed to receive a message from the server!
CLIENT - Mon May 17 18:18:08 2021
 - ERROR: Failed to receive a message from the server!
CLIENT - Mon May 17 18:18:08 2021
 - ERROR: Failed to receive a message from the server!
CLIENT - Mon May 17 18:18:08 2021
 - ERROR: Failed to receive a message from the server!
CLIENT - Mon May 17 18:18:08 2021
 - ERROR: Failed to receive a message from the server!
CLIENT - Mon May 17 18:18:08 2021
 - ERROR: Failed to receive a message from the server!
CLIENT - Mon May 17 18:18:08 2021
 - ERROR: Failed to receive a message from the server!
CLIENT - Mon May 17 18:18:08 2021
 - ERROR: Failed to receive a message from the server!
CLIENT - Mon May 17 18:18:08 2021
 - ERROR: Failed to receive a message from the server!
CLIENT - Mon May 17 18:18:08 2021
 - ERROR: Failed to receive a message from the server!
CLIENT - Mon May 17 18:18:08 2021
 - ERROR: Failed to receive a message from the server!
CLIENT - Mon May 17 18:18:08 2021
 - ERROR: Failed to receive a message from the server!
CLIENT - Mon May 17 18:18:08 2021
 - ERROR: Failed to receive a message from the server!
CLIENT - Mon May 17 18:18:08 2021
 - ERROR: Failed to receive a message from the server!
CLIENT - Mon May 17 18:18:08 2021
 - ERROR: Failed to receive a message from the server!
CLIENT - Mon May 17 18:18:08 2021
 - ERROR: Failed to receive a message from the server!
CLIENT - Mon May 17 18:18:08 2021
 - ERROR: Failed to receive a message from the server!
CLIENT - Mon May 17 18:18:08 2021
 - ERROR: Failed to receive a message from the server!
CLIENT - Mon May 17 18:18:08 2021
 - ERROR: Failed to receive a message from the server!
CLIENT - Mon May 17 18:18:08 2021
 - ERROR: Failed to receive a message from the server!
CLIENT - Mon May 17 18:18:08 2021
 - ERROR: Failed to receive a message from the server!
CLIENT - Mon May 17 18:18:08 2021
 - ERROR: Failed to receive a message from the server!
CLIENT - Mon May 17 18:18:08 2021
 - ERROR: Failed to receive a message from the server!
CLIENT - Mon May 17 18:18:08 2021
 - ERROR: Failed to receive a message from the server!
CLIENT - Mon May 17 18:18:08 2021
 - ERROR: Failed to receive a message from the server!
CLIENT - Mon May 17 18:18:08 2021
 - ERROR: Failed to receive a message from the server!
CLIENT - Mon May 17 18:18:08 2021
 - ERROR: Failed to receive a message from the server!
CLIENT - Mon May 17 18:18:08 2021
 - ERROR: Failed to receive a message from the server!
CLIENT - Mon May 17 18:18:08 2021
 - ERROR: Failed to receive a message from the server!
CLIENT - Mon May 17 18:18:08 2021
 - ERROR: Failed to receive a message from the server!
CLIENT - Mon May 17 18:18:08 2021
 - ERROR: Failed to receive a message from the server!
CLIENT - Mon May 17 18:18:08 2021
 - ERROR: Failed to receive a message from the server!
CLIENT - Mon May 17 18:18:08 2021
 - ERROR: Failed to receive a message from the server!
CLIENT - Mon May 17 18:19:25 2021
 - ERROR: Failed to connect to server!
CLIENT - Mon May 17 18:19:25 2021
 - ERROR: Failed to receive a message from the server!
CLIENT - Mon May 17 18:19:25 2021
 - ERROR: Failed to receive a message from the server!
CLIENT - Mon May 17 18:19:25 2021
 - ERROR: Failed to receive a message from the server!
CLIENT - Mon May 17 18:19:25 2021
 - ERROR: Failed to receive a message from the server!
CLIENT - Mon May 17 18:19:25 2021
 - ERROR: Failed to receive a message from the server!
CLIENT - Mon May 17 18:19:25 2021
 - ERROR: Failed to receive a message from the server!
CLIENT - Mon May 17 18:19:25 2021
 - ERROR: Failed to receive a message from the server!
CLIENT - Mon May 17 18:19:25 2021
 - ERROR: Failed to receive a message from the server!
CLIENT - Mon May 17 18:19:25 2021
 - ERROR: Failed to receive a message from the server!
CLIENT - Mon May 17 18:19:25 2021
 - ERROR: Failed to receive a message from the server!
CLIENT - Mon May 17 18:19:25 2021
 - ERROR: Failed to receive a message from the server!
CLIENT - Mon May 17 18:19:25 2021
 - ERROR: Failed to receive a message from the server!
CLIENT - Mon May 17 18:19:25 2021
 - ERROR: Failed to receive a message from the server!
CLIENT - Mon May 17 18:19:25 2021
 - ERROR: Failed to receive a message from the server!
CLIENT - Mon May 17 18:19:25 2021
 - ERROR: Failed to receive a message from the server!
CLIENT - Mon May 17 18:19:25 2021
 - ERROR: Failed to receive a message from the server!
CLIENT - Mon May 17 18:19:25 2021
 - ERROR: Failed to receive a message from the server!
CLIENT - Mon May 17 18:19:25 2021
 - ERROR: Failed to receive a message from the server!
CLIENT - Mon May 17 18:19:25 2021
 - ERROR: Failed to receive a message from the server!
CLIENT - Mon May 17 18:19:25 2021
 - ERROR: Failed to receive a message from the server!
CLIENT - Mon May 17 18:19:25 2021
 - ERROR: Failed to receive a message from the server!
CLIENT - Mon May 17 18:19:25 2021
 - ERROR: Failed to receive a message from the server!
CLIENT - Mon May 17 18:19:46 2021
 - ERROR: Failed to connect to server!
CLIENT - Mon May 17 18:19:46 2021
 - ERROR: Failed to receive a message from the server!
CLIENT - Mon May 17 18:19:46 2021
 - ERROR: Failed to receive a message from the server!
CLIENT - Mon May 17 18:19:46 2021
 - ERROR: Failed to receive a message from the server!
CLIENT - Mon May 17 18:19:46 2021
 - ERROR: Failed to receive a message from the server!
CLIENT - Mon May 17 18:19:46 2021
 - ERROR: Failed to receive a message from the server!
CLIENT - Mon May 17 18:19:46 2021
 - ERROR: Failed to receive a message from the server!
CLIENT - Mon May 17 18:19:46 2021
 - ERROR: Failed to receive a message from the server!
CLIENT - Mon May 17 18:19:46 2021
 - ERROR: Failed to receive a message from the server!
CLIENT - Mon May 17 18:20:30 2021
 - ERROR: Failed to connect to server!
CLIENT - Mon May 17 18:20:30 2021
 - ERROR: Failed to receive a message from the server!
CLIENT - Mon May 17 18:20:30 2021
 - ERROR: Failed to receive a message from the server!
CLIENT - Mon May 17 18:20:30 2021
 - ERROR: Failed to receive a message from the server!
CLIENT - Mon May 17 18:20:30 2021
 - ERROR: Failed to receive a message from the server!
CLIENT - Mon May 17 18:20:30 2021
 - ERROR: Failed to receive a message from the server!
CLIENT - Mon May 17 18:20:30 2021
 - ERROR: Failed to receive a message from the server!
CLIENT - Mon May 17 18:20:30 2021
 - ERROR: Failed to receive a message from the server!
CLIENT - Mon May 17 18:20:30 2021
 - ERROR: Failed to receive a message from the server!
CLIENT - Mon May 17 18:20:30 2021
 - ERROR: Failed to receive a message from the server!
CLIENT - Mon May 17 18:20:30 2021
 - ERROR: Failed to receive a message from the server!
CLIENT - Mon May 17 18:20:30 2021
 - ERROR: Failed to receive a message from the server!
CLIENT - Mon May 17 18:20:30 2021
 - ERROR: Failed to receive a message from the server!
CLIENT - Mon May 17 18:20:30 2021
 - ERROR: Failed to receive a message from the server!
CLIENT - Mon May 17 18:20:30 2021
 - ERROR: Failed to receive a message from the server!
CLIENT - Mon May 17 18:20:30 2021
 - ERROR: Failed to receive a message from the server!
CLIENT - Mon May 17 18:20:30 2021
 - ERROR: Failed to receive a message from the server!
CLIENT - Mon May 17 18:20:30 2021
 - ERROR: Failed to receive a message from the server!
CLIENT - Mon May 17 18:20:30 2021
 - ERROR: Failed to receive a message from the server!
CLIENT - Mon May 17 18:20:30 2021
 - ERROR: Failed to receive a message from the server!
CLIENT - Mon May 17 18:20:30 2021
 - ERROR: Failed to receive a message from the server!
CLIENT - Mon May 17 18:20:30 2021
 - ERROR: Failed to receive a message from the server!
CLIENT - Mon May 17 18:20:30 2021
 - ERROR: Failed to receive a message from the server!
CLIENT - Mon May 17 18:20:30 2021
 - ERROR: Failed to receive a message from the server!
CLIENT - Mon May 17 18:20:30 2021
 - ERROR: Failed to receive a message from the server!
CLIENT - Mon May 17 18:20:30 2021
 - ERROR: Failed to receive a message from the server!
CLIENT - Mon May 17 18:20:30 2021
 - ERROR: Failed to receive a message from the server!
CLIENT - Mon May 17 18:20:30 2021
 - ERROR: Failed to receive a message from the server!
CLIENT - Mon May 17 18:20:30 2021
 - ERROR: Failed to receive a message from the server!
CLIENT - Mon May 17 18:20:30 2021
 - ERROR: Failed to receive a message from the server!
CLIENT - Mon May 17 18:20:30 2021
 - ERROR: Failed to receive a message from the server!
CLIENT - Mon May 17 18:20:30 2021
 - ERROR: Failed to receive a message from the server!
CLIENT - Mon May 17 18:20:30 2021
 - ERROR: Failed to receive a message from the server!
CLIENT - Mon May 17 18:20:30 2021
 - ERROR: Failed to receive a message from the server!
CLIENT - Mon May 17 18:20:30 2021
 - ERROR: Failed to receive a message from the server!
CLIENT - Mon May 17 18:20:30 2021
 - ERROR: Failed to receive a message from the server!
CLIENT - Mon May 17 18:20:30 2021
 - ERROR: Failed to receive a message from the server!
CLIENT - Mon May 17 18:20:30 2021
 - ERROR: Failed to receive a message from the server!
CLIENT - Mon May 17 18:20:30 2021
 - ERROR: Failed to receive a message from the server!
CLIENT - Mon May 17 18:20:30 2021
 - ERROR: Failed to receive a message from the server!
CLIENT - Mon May 17 18:20:30 2021
 - ERROR: Failed to receive a message from the server!
CLIENT - Mon May 17 18:20:30 2021
 - ERROR: Failed to receive a message from the server!
CLIENT - Mon May 17 18:20:31 2021
 - ERROR: Failed to receive a message from the server!
CLIENT - Mon May 17 18:20:31 2021
 - ERROR: Failed to receive a message from the server!
CLIENT - Mon May 17 18:20:31 2021
 - ERROR: Failed to receive a message from the server!
CLIENT - Mon May 17 18:20:31 2021
 - ERROR: Failed to receive a message from the server!
CLIENT - Mon May 17 18:20:31 2021
 - ERROR: Failed to receive a message from the server!
CLIENT - Mon May 17 18:20:31 2021
 - ERROR: Failed to receive a message from the server!
CLIENT - Mon May 17 18:20:31 2021
 - ERROR: Failed to receive a message from the server!
CLIENT - Mon May 17 18:20:31 2021
 - ERROR: Failed to receive a message from the server!
CLIENT - Mon May 17 18:20:31 2021
 - ERROR: Failed to receive a message from the server!
CLIENT - Mon May 17 18:20:31 2021
 - ERROR: Failed to receive a message from the server!
CLIENT - Mon May 17 18:20:31 2021
 - ERROR: Failed to receive a message from the server!
CLIENT - Mon May 17 18:20:31 2021
 - ERROR: Failed to receive a message from the server!
CLIENT - Mon May 17 18:20:31 2021
 - ERROR: Failed to receive a message from the server!
CLIENT - Mon May 17 18:20:31 2021
 - ERROR: Failed to receive a message from the server!
CLIENT - Mon May 17 18:20:31 2021
 - ERROR: Failed to receive a message from the server!
CLIENT - Mon May 17 18:20:31 2021
 - ERROR: Failed to receive a message from the server!
CLIENT - Mon May 17 18:20:31 2021
 - ERROR: Failed to receive a message from the server!
CLIENT - Mon May 17 18:20:31 2021
 - ERROR: Failed to receive a message from the server!
CLIENT - Mon May 17 18:20:31 2021
 - ERROR: Failed to receive a message from the server!
CLIENT - Mon May 17 18:20:31 2021
 - ERROR: Failed to receive a message from the server!
CLIENT - Mon May 17 18:20:31 2021
 - ERROR: Failed to receive a message from the server!
CLIENT - Mon May 17 18:20:31 2021
 - ERROR: Failed to receive a message from the server!
CLIENT - Mon May 17 18:20:31 2021
 - ERROR: Failed to receive a message from the server!
CLIENT - Mon May 17 18:20:31 2021
 - ERROR: Failed to receive a message from the server!
CLIENT - Mon May 17 18:20:31 2021
 - ERROR: Failed to receive a message from the server!
CLIENT - Mon May 17 18:20:31 2021
 - ERROR: Failed to receive a message from the server!
CLIENT - Mon May 17 18:20:31 2021
 - ERROR: Failed to receive a message from the server!
CLIENT - Mon May 17 18:20:31 2021
 - ERROR: Failed to receive a message from the server!
CLIENT - Mon May 17 18:20:31 2021
 - ERROR: Failed to receive a message from the server!
CLIENT - Mon May 17 18:20:31 2021
 - ERROR: Failed to receive a message from the server!
CLIENT - Mon May 17 18:20:31 2021
 - ERROR: Failed to receive a message from the server!
CLIENT - Mon May 17 18:20:31 2021
 - ERROR: Failed to receive a message from the server!
CLIENT - Mon May 17 18:20:31 2021
 - ERROR: Failed to receive a message from the server!
CLIENT - Mon May 17 18:20:31 2021
 - ERROR: Failed to receive a message from the server!
CLIENT - Mon May 17 18:20:31 2021
 - ERROR: Failed to receive a message from the server!
CLIENT - Mon May 17 18:20:31 2021
 - ERROR: Failed to receive a message from the server!
CLIENT - Mon May 17 18:20:31 2021
 - ERROR: Failed to receive a message from the server!
CLIENT - Mon May 17 18:20:31 2021
 - ERROR: Failed to receive a message from the server!
CLIENT - Mon May 17 18:20:56 2021
 - ERROR: Failed to connect to server!
CLIENT - Mon May 17 18:20:56 2021
 - ERROR: Failed to receive a message from the server!
CLIENT - Mon May 17 18:20:56 2021
 - ERROR: Failed to receive a message from the server!
CLIENT - Mon May 17 18:20:56 2021
 - ERROR: Failed to receive a message from the server!
CLIENT - Mon May 17 18:20:56 2021
 - ERROR: Failed to receive a message from the server!
CLIENT - Mon May 17 18:20:56 2021
 - ERROR: Failed to receive a message from the server!
CLIENT - Mon May 17 18:20:56 2021
 - ERROR: Failed to receive a message from the server!
CLIENT - Mon May 17 18:20:56 2021
 - ERROR: Failed to receive a message from the server!
CLIENT - Mon May 17 18:20:56 2021
 - ERROR: Failed to receive a message from the server!
CLIENT - Mon May 17 18:20:56 2021
 - ERROR: Failed to receive a message from the server!
CLIENT - Mon May 17 18:20:56 2021
 - ERROR: Failed to receive a message from the server!
CLIENT - Mon May 17 18:20:56 2021
 - ERROR: Failed to receive a message from the server!
CLIENT - Mon May 17 18:20:56 2021
 - ERROR: Failed to receive a message from the server!
CLIENT - Mon May 17 18:20:56 2021
 - ERROR: Failed to receive a message from the server!
CLIENT - Mon May 17 18:20:57 2021
 - ERROR: Failed to receive a message from the server!
CLIENT - Mon May 17 18:20:57 2021
 - ERROR: Failed to receive a message from the server!
CLIENT - Mon May 17 18:20:57 2021
 - ERROR: Failed to receive a message from the server!
CLIENT - Mon May 17 18:20:57 2021
 - ERROR: Failed to receive a message from the server!
CLIENT - Mon May 17 18:20:57 2021
 - ERROR: Failed to receive a message from the server!
CLIENT - Mon May 17 18:20:57 2021
 - ERROR: Failed to receive a message from the server!
CLIENT - Mon May 17 18:20:57 2021
 - ERROR: Failed to receive a message from the server!
CLIENT - Mon May 17 18:20:57 2021
 - ERROR: Failed to receive a message from the server!
CLIENT - Mon May 17 18:20:57 2021
 - ERROR: Failed to receive a message from the server!
CLIENT - Mon May 17 18:20:57 2021
 - ERROR: Failed to receive a message from the server!
CLIENT - Mon May 17 18:20:57 2021
 - ERROR: Failed to receive a message from the server!
CLIENT - Mon May 17 18:20:57 2021
 - ERROR: Failed to receive a message from the server!
CLIENT - Mon May 17 18:20:57 2021
 - ERROR: Failed to receive a message from the server!
CLIENT - Mon May 17 18:20:57 2021
 - ERROR: Failed to receive a message from the server!
CLIENT - Mon May 17 18:20:57 2021
 - ERROR: Failed to receive a message from the server!
CLIENT - Mon May 17 18:20:57 2021
 - ERROR: Failed to receive a message from the server!
CLIENT - Mon May 17 18:20:57 2021
 - ERROR: Failed to receive a message from the server!
CLIENT - Mon May 17 18:20:57 2021
 - ERROR: Failed to receive a message from the server!
CLIENT - Mon May 17 18:20:57 2021
 - ERROR: Failed to receive a message from the server!
CLIENT - Mon May 17 18:20:57 2021
 - ERROR: Failed to receive a message from the server!
CLIENT - Mon May 17 18:20:57 2021
 - ERROR: Failed to receive a message from the server!
CLIENT - Mon May 17 18:20:57 2021
 - ERROR: Failed to receive a message from the server!
CLIENT - Mon May 17 18:20:57 2021
 - ERROR: Failed to receive a message from the server!
CLIENT - Mon May 17 18:20:57 2021
 - ERROR: Failed to receive a message from the server!
CLIENT - Mon May 17 18:20:57 2021
 - ERROR: Failed to receive a message from the server!
CLIENT - Mon May 17 18:20:57 2021
 - ERROR: Failed to receive a message from the server!
CLIENT - Mon May 17 18:20:57 2021
 - ERROR: Failed to receive a message from the server!
CLIENT - Mon May 17 18:20:57 2021
 - ERROR: Failed to receive a message from the server!
CLIENT - Mon May 17 18:20:57 2021
 - ERROR: Failed to receive a message from the server!
CLIENT - Mon May 17 18:20:57 2021
 - ERROR: Failed to receive a message from the server!
CLIENT - Mon May 17 18:20:57 2021
 - ERROR: Failed to receive a message from the server!
CLIENT - Mon May 17 18:20:57 2021
 - ERROR: Failed to receive a message from the server!
CLIENT - Mon May 17 18:20:57 2021
 - ERROR: Failed to receive a message from the server!
CLIENT - Mon May 17 18:20:57 2021
 - ERROR: Failed to receive a message from the server!
CLIENT - Mon May 17 18:20:57 2021
 - ERROR: Failed to receive a message from the server!
CLIENT - Mon May 17 18:20:57 2021
 - ERROR: Failed to receive a message from the server!
CLIENT - Mon May 17 18:20:57 2021
 - ERROR: Failed to receive a message from the server!
CLIENT - Mon May 17 18:20:57 2021
 - ERROR: Failed to receive a message from the server!
CLIENT - Mon May 17 18:20:57 2021
 - ERROR: Failed to receive a message from the server!
CLIENT - Mon May 17 18:20:57 2021
 - ERROR: Failed to receive a message from the server!
CLIENT - Mon May 17 18:20:57 2021
 - ERROR: Failed to receive a message from the server!
CLIENT - Mon May 17 18:20:57 2021
 - ERROR: Failed to receive a message from the server!
CLIENT - Mon May 17 18:20:57 2021
 - ERROR: Failed to receive a message from the server!
CLIENT - Mon May 17 18:20:57 2021
 - ERROR: Failed to receive a message from the server!
CLIENT - Mon May 17 18:20:57 2021
 - ERROR: Failed to receive a message from the server!
CLIENT - Mon May 17 18:20:57 2021
 - ERROR: Failed to receive a message from the server!
CLIENT - Mon May 17 18:20:57 2021
 - ERROR: Failed to receive a message from the server!
CLIENT - Mon May 17 18:20:57 2021
 - ERROR: Failed to receive a message from the server!
CLIENT - Mon May 17 18:20:57 2021
 - ERROR: Failed to receive a message from the server!
CLIENT - Mon May 17 18:20:57 2021
 - ERROR: Failed to receive a message from the server!
CLIENT - Mon May 17 18:20:57 2021
 - ERROR: Failed to receive a message from the server!
CLIENT - Mon May 17 18:20:57 2021
 - ERROR: Failed to receive a message from the server!
CLIENT - Mon May 17 18:20:57 2021
 - ERROR: Failed to receive a message from the server!
CLIENT - Mon May 17 18:20:57 2021
 - ERROR: Failed to receive a message from the server!
CLIENT - Mon May 17 18:20:57 2021
 - ERROR: Failed to receive a message from the server!
CLIENT - Mon May 17 18:21:34 2021
 - ERROR: Failed to connect to server!
CLIENT - Mon May 17 18:21:34 2021
 - ERROR: Failed to receive a message from the server!
CLIENT - Mon May 17 18:21:34 2021
 - ERROR: Failed to receive a message from the server!
CLIENT - Mon May 17 18:21:34 2021
 - ERROR: Failed to receive a message from the server!
CLIENT - Mon May 17 18:21:34 2021
 - ERROR: Failed to receive a message from the server!
CLIENT - Mon May 17 18:21:34 2021
 - ERROR: Failed to receive a message from the server!
CLIENT - Mon May 17 18:21:34 2021
 - ERROR: Failed to receive a message from the server!
CLIENT - Mon May 17 18:21:34 2021
 - ERROR: Failed to receive a message from the server!
CLIENT - Mon May 17 18:21:34 2021
 - ERROR: Failed to receive a message from the server!
CLIENT - Mon May 17 18:21:34 2021
 - ERROR: Failed to receive a message from the server!
CLIENT - Mon May 17 18:21:34 2021
 - ERROR: Failed to receive a message from the server!
CLIENT - Mon May 17 18:21:34 2021
 - ERROR: Failed to receive a message from the server!
CLIENT - Mon May 17 18:21:34 2021
 - ERROR: Failed to receive a message from the server!
CLIENT - Mon May 17 18:21:34 2021
 - ERROR: Failed to receive a message from the server!
CLIENT - Mon May 17 18:21:34 2021
 - ERROR: Failed to receive a message from the server!
CLIENT - Mon May 17 18:21:34 2021
 - ERROR: Failed to receive a message from the server!
CLIENT - Mon May 17 18:21:34 2021
 - ERROR: Failed to receive a message from the server!
CLIENT - Mon May 17 18:21:34 2021
 - ERROR: Failed to receive a message from the server!
CLIENT - Mon May 17 18:21:34 2021
 - ERROR: Failed to receive a message from the server!
CLIENT - Mon May 17 18:21:34 2021
 - ERROR: Failed to receive a message from the server!
CLIENT - Mon May 17 18:21:34 2021
 - ERROR: Failed to receive a message from the server!
CLIENT - Mon May 17 18:21:34 2021
 - ERROR: Failed to receive a message from the server!
CLIENT - Mon May 17 18:21:34 2021
 - ERROR: Failed to receive a message from the server!
CLIENT - Mon May 17 18:21:34 2021
 - ERROR: Failed to receive a message from the server!
CLIENT - Mon May 17 18:21:34 2021
 - ERROR: Failed to receive a message from the server!
CLIENT - Mon May 17 18:21:34 2021
 - ERROR: Failed to receive a message from the server!
CLIENT - Mon May 17 18:21:34 2021
 - ERROR: Failed to receive a message from the server!
CLIENT - Mon May 17 18:21:34 2021
 - ERROR: Failed to receive a message from the server!
CLIENT - Mon May 17 18:21:34 2021
 - ERROR: Failed to receive a message from the server!
CLIENT - Mon May 17 18:24:01 2021
 - ERROR: Failed to connect to server!
SERVER - Mon May 17 18:24:22 2021
 - ERROR: Failed to receive a message from the client!
SERVER - Mon May 17 18:24:22 2021
 - ERROR: Failed to send a message to client!
SERVER - Mon May 17 18:24:39 2021
 - ERROR: Failed to receive a message from the client!
SERVER - Mon May 17 18:24:39 2021
 - ERROR: Failed to send a message to client!
SERVER - Mon May 17 18:28:31 2021
 - ERROR: Failed to receive a message from the client!
SERVER - Mon May 17 18:28:32 2021
 - ERROR: Failed to send a message to client!
SERVER - Mon May 17 18:28:41 2021
 - ERROR: Failed to receive a message from the client!
SERVER - Mon May 17 18:28:41 2021
 - ERROR: Failed to send a message to client!
SERVER - Mon May 17 18:29:20 2021
 - ERROR: Failed to receive a message from the client!
SERVER - Mon May 17 18:29:20 2021
 - ERROR: Failed to send a message to client!
SERVER - Mon May 17 18:31:21 2021
 - ERROR: Failed to receive a message from the client!
SERVER - Mon May 17 18:31:21 2021
 - ERROR: Failed to send a message to client!
SERVER - Mon May 17 18:39:14 2021
 - ERROR: Failed to receive a message from the client!
SERVER - Mon May 17 18:39:14 2021
 - ERROR: Failed to send a message to client!
SERVER - Mon May 17 18:39:32 2021
 - ERROR: Failed to receive a message from the client!
SERVER - Mon May 17 18:39:32 2021
 - ERROR: Failed to send a message to client!
SERVER - Mon May 17 18:40:48 2021
 - ERROR: Failed to receive a message from the client!
SERVER - Mon May 17 18:40:48 2021
 - ERROR: Failed to send a message to client!
SERVER - Mon May 17 18:41:31 2021
 - ERROR: Failed to receive a message from the client!
SERVER - Mon May 17 18:41:31 2021
 - ERROR: Failed to send a message to client!
SERVER - Mon May 17 18:43:02 2021
 - ERROR: Failed to receive a message from the client!
SERVER - Mon May 17 18:43:03 2021
 - ERROR: Failed to send a message to client!
SERVER - Mon May 17 18:43:22 2021
 - ERROR: Failed to receive a message from the client!
SERVER - Mon May 17 18:43:22 2021
 - ERROR: Failed to send a message to client!
SERVER - Mon May 17 18:44:23 2021
 - ERROR: Failed to receive a message from the client!
SERVER - Mon May 17 18:44:23 2021
 - ERROR: Failed to send a message to client!
SERVER - Mon May 17 18:44:41 2021
 - ERROR: Failed to receive a message from the client!
SERVER - Mon May 17 18:44:41 2021
 - ERROR: Failed to send a message to client!
